<?xml version="1.0" encoding="UTF-8"?>
<!-- Generated by org.testng.reporters.JUnitReportReporter -->
<testsuite hostname="LAPTOP-2GMD4EUC" failures="0" tests="10" name="runnerPack.TestRunner" time="42.657" errors="0" timestamp="21 Jun 2018 13:25:52 GMT" skipped="0">
  <testcase classname="runnerPack.TestRunner" name="runScenario" time="4.141"/>
  <testcase classname="runnerPack.TestRunner" name="runScenario" time="5.392"/>
  <testcase classname="runnerPack.TestRunner" name="runScenario" time="4.070"/>
  <testcase classname="runnerPack.TestRunner" name="runScenario" time="4.322"/>
  <testcase classname="runnerPack.TestRunner" name="runScenario" time="4.077"/>
  <testcase classname="runnerPack.TestRunner" name="runScenario" time="4.280"/>
  <testcase classname="runnerPack.TestRunner" name="runScenario" time="4.124"/>
  <testcase classname="runnerPack.TestRunner" name="runScenario" time="4.049"/>
  <testcase classname="runnerPack.TestRunner" name="runScenario" time="4.083"/>
  <testcase classname="runnerPack.TestRunner" name="runScenario" time="4.119"/>
</testsuite> <!-- runnerPack.TestRunner -->
